<?xml version="1.0" encoding="UTF-8"?>
<testsuite xmlns:xsi="http://www.w3.org/2001/XMLSchema-instance" xsi:noNamespaceSchemaLocation="https://maven.apache.org/surefire/maven-surefire-plugin/xsd/surefire-test-report-3.0.xsd" version="3.0" name="TestSuite" time="0.984" tests="1" errors="0" skipped="0" failures="0">
  <properties>
    <property name="sun.desktop" value="windows"/>
    <property name="awt.toolkit" value="sun.awt.windows.WToolkit"/>
    <property name="file.encoding.pkg" value="sun.io"/>
    <property name="java.specification.version" value="1.8"/>
    <property name="sun.cpu.isalist" value="amd64"/>
    <property name="sun.jnu.encoding" value="Cp1252"/>
    <property name="java.class.path" value="C:\Users\Ramprakash\git\IntegratorJenMav\target\test-classes;C:\Users\Ramprakash\git\IntegratorJenMav\target\classes;C:\Users\Ramprakash\.m2\repository\junit\junit\3.8.1\junit-3.8.1.jar;C:\Users\Ramprakash\.m2\repository\org\testng\testng\7.1.0\testng-7.1.0.jar;C:\Users\Ramprakash\.m2\repository\com\beust\jcommander\1.72\jcommander-1.72.jar;C:\Users\Ramprakash\.m2\repository\com\google\inject\guice\4.1.0\guice-4.1.0-no_aop.jar;C:\Users\Ramprakash\.m2\repository\javax\inject\javax.inject\1\javax.inject-1.jar;C:\Users\Ramprakash\.m2\repository\aopalliance\aopalliance\1.0\aopalliance-1.0.jar;C:\Users\Ramprakash\.m2\repository\com\google\guava\guava\19.0\guava-19.0.jar;C:\Users\Ramprakash\.m2\repository\org\yaml\snakeyaml\1.21\snakeyaml-1.21.jar;C:\Users\Ramprakash\.m2\repository\org\apache\logging\log4j\log4j-core\2.13.1\log4j-core-2.13.1.jar;C:\Users\Ramprakash\.m2\repository\org\apache\logging\log4j\log4j-api\2.13.1\log4j-api-2.13.1.jar;"/>
    <property name="java.vm.vendor" value="Oracle Corporation"/>
    <property name="sun.arch.data.model" value="64"/>
    <property name="user.variant" value=""/>
    <property name="java.vendor.url" value="http://java.oracle.com/"/>
    <property name="user.timezone" value="Asia/Calcutta"/>
    <property name="java.vm.specification.version" value="1.8"/>
    <property name="os.name" value="Windows 8.1"/>
    <property name="user.country" value="IN"/>
    <property name="sun.java.launcher" value="SUN_STANDARD"/>
    <property name="sun.boot.library.path" value="D:\jre\bin"/>
    <property name="sun.java.command" value="C:\Users\Ramprakash\AppData\Local\Temp\surefire9108452148294622727\surefirebooter5437317058284573271.jar C:\Users\Ramprakash\AppData\Local\Temp\surefire9108452148294622727 2020-03-22T22-53-49_745-jvmRun1 surefire3578593265565587027tmp surefire_0853963050710245029tmp"/>
    <property name="surefire.test.class.path" value="C:\Users\Ramprakash\git\IntegratorJenMav\target\test-classes;C:\Users\Ramprakash\git\IntegratorJenMav\target\classes;C:\Users\Ramprakash\.m2\repository\junit\junit\3.8.1\junit-3.8.1.jar;C:\Users\Ramprakash\.m2\repository\org\testng\testng\7.1.0\testng-7.1.0.jar;C:\Users\Ramprakash\.m2\repository\com\beust\jcommander\1.72\jcommander-1.72.jar;C:\Users\Ramprakash\.m2\repository\com\google\inject\guice\4.1.0\guice-4.1.0-no_aop.jar;C:\Users\Ramprakash\.m2\repository\javax\inject\javax.inject\1\javax.inject-1.jar;C:\Users\Ramprakash\.m2\repository\aopalliance\aopalliance\1.0\aopalliance-1.0.jar;C:\Users\Ramprakash\.m2\repository\com\google\guava\guava\19.0\guava-19.0.jar;C:\Users\Ramprakash\.m2\repository\org\yaml\snakeyaml\1.21\snakeyaml-1.21.jar;C:\Users\Ramprakash\.m2\repository\org\apache\logging\log4j\log4j-core\2.13.1\log4j-core-2.13.1.jar;C:\Users\Ramprakash\.m2\repository\org\apache\logging\log4j\log4j-api\2.13.1\log4j-api-2.13.1.jar;"/>
    <property name="sun.cpu.endian" value="little"/>
    <property name="user.home" value="C:\Users\Ramprakash"/>
    <property name="user.language" value="en"/>
    <property name="java.specification.vendor" value="Oracle Corporation"/>
    <property name="java.home" value="D:\jre"/>
    <property name="basedir" value="C:\Users\Ramprakash\git\IntegratorJenMav"/>
    <property name="file.separator" value="\"/>
    <property name="line.separator" value="&#10;"/>
    <property name="java.vm.specification.vendor" value="Oracle Corporation"/>
    <property name="java.specification.name" value="Java Platform API Specification"/>
    <property name="java.awt.graphicsenv" value="sun.awt.Win32GraphicsEnvironment"/>
    <property name="surefire.real.class.path" value="C:\Users\Ramprakash\AppData\Local\Temp\surefire9108452148294622727\surefirebooter5437317058284573271.jar"/>
    <property name="sun.boot.class.path" value="D:\jre\lib\resources.jar;D:\jre\lib\rt.jar;D:\jre\lib\sunrsasign.jar;D:\jre\lib\jsse.jar;D:\jre\lib\jce.jar;D:\jre\lib\charsets.jar;D:\jre\lib\jfr.jar;D:\jre\classes"/>
    <property name="user.script" value=""/>
    <property name="sun.management.compiler" value="HotSpot 64-Bit Tiered Compilers"/>
    <property name="java.runtime.version" value="1.8.0_181-b13"/>
    <property name="user.name" value="Ramprakash"/>
    <property name="path.separator" value=";"/>
    <property name="os.version" value="6.3"/>
    <property name="java.endorsed.dirs" value="D:\jre\lib\endorsed"/>
    <property name="java.runtime.name" value="Java(TM) SE Runtime Environment"/>
    <property name="file.encoding" value="Cp1252"/>
    <property name="java.vm.name" value="Java HotSpot(TM) 64-Bit Server VM"/>
    <property name="localRepository" value="C:\Users\Ramprakash\.m2\repository"/>
    <property name="java.vendor.url.bug" value="http://bugreport.sun.com/bugreport/"/>
    <property name="java.io.tmpdir" value="C:\Users\RAMPRA~1\AppData\Local\Temp\"/>
    <property name="java.version" value="1.8.0_181"/>
    <property name="user.dir" value="C:\Users\Ramprakash\git\IntegratorJenMav"/>
    <property name="os.arch" value="amd64"/>
    <property name="java.vm.specification.name" value="Java Virtual Machine Specification"/>
    <property name="java.awt.printerjob" value="sun.awt.windows.WPrinterJob"/>
    <property name="sun.os.patch.level" value=""/>
    <property name="java.library.path" value="D:\jre\bin;C:\Windows\Sun\Java\bin;C:\Windows\system32;C:\Windows;C:\Windows\system32;C:\Windows;C:\Windows\System32\Wbem;D:\bin;D:\ANT\apache-ant-1.9.14\bin;C:\MAVEN\apache-maven-3.6.1\bin;D:\Visual_Code\Microsoft VS Code\bin;C:\Program Files\MongoDB\Server\4.2\bin;D:\HTML_MEAN_STACK\JAVA SCRIPT Folder\;D:\Maven\apache-maven-3.6.3\bin;D:\Git\Git\cmd;D:\Git\Git\mingw64\bin;D:\Git\Git\usr\bin;C:\Users\Ramprakash\AppData\Roaming\npm;C:\Users\Ramprakash\AppData\Local\GitHubDesktop\bin;."/>
    <property name="java.vm.info" value="mixed mode"/>
    <property name="java.vendor" value="Oracle Corporation"/>
    <property name="java.vm.version" value="25.181-b13"/>
    <property name="java.ext.dirs" value="D:\jre\lib\ext;C:\Windows\Sun\Java\lib\ext"/>
    <property name="sun.io.unicode.encoding" value="UnicodeLittle"/>
    <property name="java.class.version" value="52.0"/>
  </properties>
  <testcase name="Tes" classname="Jenkins_Tester.JTesting.Jen" time="0.016"/>
</testsuite>