<?xml version="1.0" encoding="UTF-8"?>
<!-- Generated by org.testng.reporters.JUnitReportReporter -->
<testsuite skipped="0" hostname="DevelopmentPC" name="Jenkins_Tester.JTesting.Jen" tests="1" failures="0" timestamp="2020-03-22T20:48:54 IST" time="0.016" errors="0">
  <testcase name="Tes" time="0.016" classname="Jenkins_Tester.JTesting.Jen"/>
  <system-out/>
</testsuite> <!-- Jenkins_Tester.JTesting.Jen -->
